<?xml version="1.0" ?>
<!DOCTYPE coverage SYSTEM "http://cobertura.sourceforge.net/xml/coverage-04.dtd">
<coverage lines-valid="179" lines-covered="76" line-rate="0.42450000000000004" branches-valid="68" branches-covered="17" branch-rate="0.25" timestamp="1759418640738" complexity="0" version="0.1">
  <sources>
    <source>C:\Users\claud\OneDrive\Escritorio\UNI\Ing\Ing 1 y 2\IDSM21 SEGURIDAD\APPEJS</source>
  </sources>
  <packages>
    <package name="APPEJS" line-rate="0.5609000000000001" branch-rate="0.375">
      <classes>
        <class name="app.js" filename="app.js" line-rate="0.5609000000000001" branch-rate="0.375">
          <methods>
            <method name="(anonymous_0)" hits="0" signature="()V">
              <lines>
                <line number="13" hits="0"/>
              </lines>
            </method>
            <method name="(anonymous_1)" hits="0" signature="()V">
              <lines>
                <line number="14" hits="0"/>
              </lines>
            </method>
            <method name="(anonymous_2)" hits="4" signature="()V">
              <lines>
                <line number="30" hits="4"/>
              </lines>
            </method>
            <method name="(anonymous_3)" hits="4" signature="()V">
              <lines>
                <line number="35" hits="4"/>
              </lines>
            </method>
            <method name="(anonymous_4)" hits="1" signature="()V">
              <lines>
                <line number="50" hits="1"/>
              </lines>
            </method>
            <method name="(anonymous_5)" hits="2" signature="()V">
              <lines>
                <line number="57" hits="2"/>
              </lines>
            </method>
            <method name="(anonymous_6)" hits="0" signature="()V">
              <lines>
                <line number="86" hits="0"/>
              </lines>
            </method>
            <method name="(anonymous_7)" hits="0" signature="()V">
              <lines>
                <line number="87" hits="0"/>
              </lines>
            </method>
            <method name="(anonymous_8)" hits="0" signature="()V">
              <lines>
                <line number="97" hits="0"/>
              </lines>
            </method>
            <method name="(anonymous_9)" hits="0" signature="()V">
              <lines>
                <line number="127" hits="0"/>
              </lines>
            </method>
            <method name="(anonymous_10)" hits="1" signature="()V">
              <lines>
                <line number="155" hits="1"/>
              </lines>
            </method>
          </methods>
          <lines>
            <line number="1" hits="3" branch="false"/>
            <line number="2" hits="3" branch="false"/>
            <line number="3" hits="3" branch="false"/>
            <line number="4" hits="3" branch="false"/>
            <line number="6" hits="3" branch="false"/>
            <line number="9" hits="3" branch="true" condition-coverage="50% (1/2)"/>
            <line number="10" hits="0" branch="false"/>
            <line number="11" hits="0" branch="true" condition-coverage="0% (0/2)"/>
            <line number="12" hits="0" branch="false"/>
            <line number="13" hits="0" branch="false"/>
            <line number="14" hits="0" branch="false"/>
            <line number="19" hits="3" branch="false"/>
            <line number="20" hits="3" branch="false"/>
            <line number="21" hits="3" branch="false"/>
            <line number="23" hits="3" branch="false"/>
            <line number="30" hits="3" branch="false"/>
            <line number="31" hits="4" branch="true" condition-coverage="50% (1/2)"/>
            <line number="32" hits="4" branch="false"/>
            <line number="35" hits="3" branch="false"/>
            <line number="36" hits="4" branch="true" condition-coverage="100% (2/2)"/>
            <line number="37" hits="4" branch="false"/>
            <line number="40" hits="3" branch="false"/>
            <line number="41" hits="3" branch="false"/>
            <line number="45" hits="3" branch="false"/>
            <line number="46" hits="3" branch="false"/>
            <line number="47" hits="3" branch="false"/>
            <line number="50" hits="3" branch="false"/>
            <line number="51" hits="1" branch="true" condition-coverage="100% (2/2)"/>
            <line number="52" hits="1" branch="false"/>
            <line number="53" hits="1" branch="false"/>
            <line number="57" hits="3" branch="false"/>
            <line number="58" hits="2" branch="false"/>
            <line number="59" hits="2" branch="false"/>
            <line number="60" hits="2" branch="false"/>
            <line number="64" hits="2" branch="true" condition-coverage="100% (2/2)"/>
            <line number="65" hits="1" branch="false"/>
            <line number="66" hits="1" branch="false"/>
            <line number="68" hits="1" branch="false"/>
            <line number="69" hits="1" branch="false"/>
            <line number="70" hits="1" branch="true" condition-coverage="50% (1/2)"/>
            <line number="71" hits="0" branch="false"/>
            <line number="72" hits="0" branch="false"/>
            <line number="74" hits="1" branch="false"/>
            <line number="75" hits="1" branch="true" condition-coverage="50% (1/2)"/>
            <line number="76" hits="1" branch="true" condition-coverage="50% (1/2)"/>
            <line number="77" hits="1" branch="true" condition-coverage="50% (1/2)"/>
            <line number="78" hits="0" branch="false"/>
            <line number="80" hits="0" branch="false"/>
            <line number="81" hits="0" branch="false"/>
            <line number="86" hits="3" branch="false"/>
            <line number="87" hits="0" branch="false"/>
            <line number="88" hits="0" branch="true" condition-coverage="0% (0/2)"/>
            <line number="89" hits="0" branch="false"/>
            <line number="94" hits="3" branch="false"/>
            <line number="95" hits="3" branch="false"/>
            <line number="97" hits="3" branch="false"/>
            <line number="98" hits="0" branch="true" condition-coverage="0% (0/4)"/>
            <line number="99" hits="0" branch="false"/>
            <line number="101" hits="0" branch="false"/>
            <line number="102" hits="0" branch="false"/>
            <line number="104" hits="0" branch="false"/>
            <line number="105" hits="0" branch="false"/>
            <line number="109" hits="0" branch="true" condition-coverage="0% (0/2)"/>
            <line number="110" hits="0" branch="false"/>
            <line number="112" hits="0" branch="false"/>
            <line number="113" hits="0" branch="false"/>
            <line number="121" hits="0" branch="false"/>
            <line number="122" hits="0" branch="false"/>
            <line number="127" hits="3" branch="false"/>
            <line number="128" hits="0" branch="true" condition-coverage="0% (0/4)"/>
            <line number="129" hits="0" branch="false"/>
            <line number="131" hits="0" branch="false"/>
            <line number="132" hits="0" branch="false"/>
            <line number="134" hits="0" branch="false"/>
            <line number="135" hits="0" branch="false"/>
            <line number="140" hits="0" branch="false"/>
            <line number="145" hits="0" branch="false"/>
            <line number="146" hits="0" branch="false"/>
            <line number="148" hits="0" branch="false"/>
            <line number="149" hits="0" branch="false"/>
            <line number="155" hits="3" branch="false"/>
            <line number="157" hits="3" branch="false"/>
          </lines>
        </class>
      </classes>
    </package>
    <package name="APPEJS.config" line-rate="1" branch-rate="0.625">
      <classes>
        <class name="conexion.js" filename="config\conexion.js" line-rate="1" branch-rate="0.625">
          <methods>
          </methods>
          <lines>
            <line number="2" hits="2" branch="false"/>
            <line number="3" hits="2" branch="false"/>
            <line number="4" hits="2" branch="false"/>
            <line number="7" hits="2" branch="true" condition-coverage="50% (1/2)"/>
            <line number="8" hits="2" branch="true" condition-coverage="100% (2/2)"/>
            <line number="12" hits="2" branch="false"/>
            <line number="24" hits="2" branch="false"/>
            <line number="27" hits="2" branch="false"/>
            <line number="30" hits="2" branch="false"/>
            <line number="31" hits="2" branch="false"/>
            <line number="32" hits="2" branch="false"/>
          </lines>
        </class>
      </classes>
    </package>
    <package name="APPEJS.models" line-rate="1" branch-rate="1">
      <classes>
        <class name="TestLog.js" filename="models\TestLog.js" line-rate="1" branch-rate="1">
          <methods>
          </methods>
          <lines>
            <line number="1" hits="3" branch="false"/>
            <line number="3" hits="3" branch="false"/>
            <line number="29" hits="3" branch="false"/>
          </lines>
        </class>
      </classes>
    </package>
    <package name="APPEJS.routes" line-rate="0.19269999999999998" branch-rate="0">
      <classes>
        <class name="cliente.js" filename="routes\cliente.js" line-rate="0.14279999999999998" branch-rate="0">
          <methods>
            <method name="(anonymous_0)" hits="0" signature="()V">
              <lines>
                <line number="11" hits="0"/>
              </lines>
            </method>
            <method name="(anonymous_1)" hits="0" signature="()V">
              <lines>
                <line number="65" hits="0"/>
              </lines>
            </method>
            <method name="drawTable" hits="0" signature="()V">
              <lines>
                <line number="91" hits="0"/>
              </lines>
            </method>
            <method name="(anonymous_3)" hits="0" signature="()V">
              <lines>
                <line number="97" hits="0"/>
              </lines>
            </method>
          </methods>
          <lines>
            <line number="1" hits="3" branch="false"/>
            <line number="2" hits="3" branch="false"/>
            <line number="3" hits="3" branch="false"/>
            <line number="4" hits="3" branch="false"/>
            <line number="5" hits="3" branch="false"/>
            <line number="6" hits="3" branch="false"/>
            <line number="8" hits="3" branch="false"/>
            <line number="11" hits="3" branch="false"/>
            <line number="12" hits="0" branch="false"/>
            <line number="14" hits="0" branch="false"/>
            <line number="15" hits="0" branch="false"/>
            <line number="16" hits="0" branch="true" condition-coverage="0% (0/2)"/>
            <line number="17" hits="0" branch="false"/>
            <line number="20" hits="0" branch="false"/>
            <line number="21" hits="0" branch="false"/>
            <line number="22" hits="0" branch="false"/>
            <line number="23" hits="0" branch="false"/>
            <line number="24" hits="0" branch="false"/>
            <line number="27" hits="0" branch="false"/>
            <line number="28" hits="0" branch="true" condition-coverage="0% (0/2)"/>
            <line number="29" hits="0" branch="false"/>
            <line number="30" hits="0" branch="false"/>
            <line number="34" hits="0" branch="false"/>
            <line number="35" hits="0" branch="false"/>
            <line number="36" hits="0" branch="false"/>
            <line number="37" hits="0" branch="false"/>
            <line number="38" hits="0" branch="false"/>
            <line number="39" hits="0" branch="false"/>
            <line number="42" hits="0" branch="false"/>
            <line number="43" hits="0" branch="false"/>
            <line number="44" hits="0" branch="false"/>
            <line number="49" hits="0" branch="false"/>
            <line number="50" hits="0" branch="false"/>
            <line number="52" hits="0" branch="false"/>
            <line number="53" hits="0" branch="false"/>
            <line number="54" hits="0" branch="false"/>
            <line number="59" hits="0" branch="false"/>
            <line number="60" hits="0" branch="false"/>
            <line number="62" hits="0" branch="false"/>
            <line number="63" hits="0" branch="false"/>
            <line number="64" hits="0" branch="true" condition-coverage="0% (0/2)"/>
            <line number="65" hits="0" branch="false"/>
            <line number="66" hits="0" branch="false"/>
            <line number="73" hits="0" branch="false"/>
            <line number="74" hits="0" branch="false"/>
            <line number="79" hits="0" branch="true" condition-coverage="0% (0/2)"/>
            <line number="80" hits="0" branch="false"/>
            <line number="81" hits="0" branch="false"/>
            <line number="84" hits="0" branch="false"/>
            <line number="86" hits="0" branch="false"/>
            <line number="87" hits="0" branch="false"/>
            <line number="92" hits="0" branch="false"/>
            <line number="93" hits="0" branch="false"/>
            <line number="94" hits="0" branch="false"/>
            <line number="95" hits="0" branch="false"/>
            <line number="97" hits="0" branch="false"/>
            <line number="98" hits="0" branch="false"/>
            <line number="100" hits="0" branch="false"/>
            <line number="101" hits="0" branch="false"/>
            <line number="103" hits="0" branch="false"/>
            <line number="104" hits="0" branch="false"/>
            <line number="107" hits="0" branch="false"/>
            <line number="110" hits="3" branch="false"/>
          </lines>
        </class>
        <class name="tecnicos.js" filename="routes\tecnicos.js" line-rate="0.35" branch-rate="1">
          <methods>
            <method name="(anonymous_0)" hits="0" signature="()V">
              <lines>
                <line number="8" hits="0"/>
              </lines>
            </method>
            <method name="(anonymous_1)" hits="0" signature="()V">
              <lines>
                <line number="42" hits="0"/>
              </lines>
            </method>
          </methods>
          <lines>
            <line number="1" hits="3" branch="false"/>
            <line number="2" hits="3" branch="false"/>
            <line number="3" hits="3" branch="false"/>
            <line number="6" hits="3" branch="false"/>
            <line number="8" hits="3" branch="false"/>
            <line number="18" hits="0" branch="false"/>
            <line number="20" hits="0" branch="false"/>
            <line number="21" hits="0" branch="false"/>
            <line number="32" hits="0" branch="false"/>
            <line number="34" hits="0" branch="false"/>
            <line number="36" hits="0" branch="false"/>
            <line number="37" hits="0" branch="false"/>
            <line number="42" hits="3" branch="false"/>
            <line number="43" hits="0" branch="false"/>
            <line number="45" hits="0" branch="false"/>
            <line number="46" hits="0" branch="false"/>
            <line number="50" hits="0" branch="false"/>
            <line number="52" hits="0" branch="false"/>
            <line number="53" hits="0" branch="false"/>
            <line number="57" hits="3" branch="false"/>
          </lines>
        </class>
      </classes>
    </package>
  </packages>
</coverage>
