TN:
SF:app.js
FN:13,(anonymous_0)
FN:14,(anonymous_1)
FN:30,(anonymous_2)
FN:35,(anonymous_3)
FN:50,(anonymous_4)
FN:57,(anonymous_5)
FN:86,(anonymous_6)
FN:87,(anonymous_7)
FN:97,(anonymous_8)
FN:127,(anonymous_9)
FN:155,(anonymous_10)
FNF:11
FNH:5
FNDA:0,(anonymous_0)
FNDA:0,(anonymous_1)
FNDA:4,(anonymous_2)
FNDA:4,(anonymous_3)
FNDA:1,(anonymous_4)
FNDA:2,(anonymous_5)
FNDA:0,(anonymous_6)
FNDA:0,(anonymous_7)
FNDA:0,(anonymous_8)
FNDA:0,(anonymous_9)
FNDA:1,(anonymous_10)
DA:1,3
DA:2,3
DA:3,3
DA:4,3
DA:6,3
DA:9,3
DA:10,0
DA:11,0
DA:12,0
DA:13,0
DA:14,0
DA:19,3
DA:20,3
DA:21,3
DA:23,3
DA:30,3
DA:31,4
DA:32,4
DA:35,3
DA:36,4
DA:37,4
DA:40,3
DA:41,3
DA:45,3
DA:46,3
DA:47,3
DA:50,3
DA:51,1
DA:52,1
DA:53,1
DA:57,3
DA:58,2
DA:59,2
DA:60,2
DA:64,2
DA:65,1
DA:66,1
DA:68,1
DA:69,1
DA:70,1
DA:71,0
DA:72,0
DA:74,1
DA:75,1
DA:76,1
DA:77,1
DA:78,0
DA:80,0
DA:81,0
DA:86,3
DA:87,0
DA:88,0
DA:89,0
DA:94,3
DA:95,3
DA:97,3
DA:98,0
DA:99,0
DA:101,0
DA:102,0
DA:104,0
DA:105,0
DA:109,0
DA:110,0
DA:112,0
DA:113,0
DA:121,0
DA:122,0
DA:127,3
DA:128,0
DA:129,0
DA:131,0
DA:132,0
DA:134,0
DA:135,0
DA:140,0
DA:145,0
DA:146,0
DA:148,0
DA:149,0
DA:155,3
DA:157,3
LF:82
LH:46
BRDA:9,0,0,0
BRDA:9,0,1,3
BRDA:11,1,0,0
BRDA:11,1,1,0
BRDA:31,2,0,4
BRDA:31,2,1,0
BRDA:36,3,0,4
BRDA:36,3,1,4
BRDA:51,4,0,1
BRDA:51,4,1,1
BRDA:64,5,0,1
BRDA:64,5,1,1
BRDA:70,6,0,0
BRDA:70,6,1,1
BRDA:75,7,0,0
BRDA:75,7,1,1
BRDA:76,8,0,0
BRDA:76,8,1,1
BRDA:77,9,0,1
BRDA:77,9,1,0
BRDA:88,10,0,0
BRDA:88,10,1,0
BRDA:98,11,0,0
BRDA:98,11,1,0
BRDA:98,12,0,0
BRDA:98,12,1,0
BRDA:109,13,0,0
BRDA:109,13,1,0
BRDA:128,14,0,0
BRDA:128,14,1,0
BRDA:128,15,0,0
BRDA:128,15,1,0
BRF:32
BRH:12
end_of_record
TN:
SF:config\conexion.js
FNF:0
FNH:0
DA:2,2
DA:3,2
DA:4,2
DA:7,2
DA:8,2
DA:12,2
DA:24,2
DA:27,2
DA:30,2
DA:31,2
DA:32,2
LF:11
LH:11
BRDA:7,0,0,2
BRDA:7,0,1,0
BRDA:8,1,0,2
BRDA:8,1,1,2
BRDA:13,2,0,2
BRDA:13,2,1,0
BRDA:17,3,0,2
BRDA:17,3,1,0
BRF:8
BRH:5
end_of_record
TN:
SF:models\TestLog.js
FNF:0
FNH:0
DA:1,3
DA:3,3
DA:29,3
LF:3
LH:3
BRF:0
BRH:0
end_of_record
TN:
SF:routes\cliente.js
FN:11,(anonymous_0)
FN:65,(anonymous_1)
FN:91,drawTable
FN:97,(anonymous_3)
FNF:4
FNH:0
FNDA:0,(anonymous_0)
FNDA:0,(anonymous_1)
FNDA:0,drawTable
FNDA:0,(anonymous_3)
DA:1,3
DA:2,3
DA:3,3
DA:4,3
DA:5,3
DA:6,3
DA:8,3
DA:11,3
DA:12,0
DA:14,0
DA:15,0
DA:16,0
DA:17,0
DA:20,0
DA:21,0
DA:22,0
DA:23,0
DA:24,0
DA:27,0
DA:28,0
DA:29,0
DA:30,0
DA:34,0
DA:35,0
DA:36,0
DA:37,0
DA:38,0
DA:39,0
DA:42,0
DA:43,0
DA:44,0
DA:49,0
DA:50,0
DA:52,0
DA:53,0
DA:54,0
DA:59,0
DA:60,0
DA:62,0
DA:63,0
DA:64,0
DA:65,0
DA:66,0
DA:73,0
DA:74,0
DA:79,0
DA:80,0
DA:81,0
DA:84,0
DA:86,0
DA:87,0
DA:92,0
DA:93,0
DA:94,0
DA:95,0
DA:97,0
DA:98,0
DA:100,0
DA:101,0
DA:103,0
DA:104,0
DA:107,0
DA:110,3
LF:63
LH:9
BRDA:16,0,0,0
BRDA:16,0,1,0
BRDA:28,1,0,0
BRDA:28,1,1,0
BRDA:45,2,0,0
BRDA:45,2,1,0
BRDA:46,3,0,0
BRDA:46,3,1,0
BRDA:47,4,0,0
BRDA:47,4,1,0
BRDA:55,5,0,0
BRDA:55,5,1,0
BRDA:56,6,0,0
BRDA:56,6,1,0
BRDA:57,7,0,0
BRDA:57,7,1,0
BRDA:64,8,0,0
BRDA:64,8,1,0
BRDA:68,9,0,0
BRDA:68,9,1,0
BRDA:69,10,0,0
BRDA:69,10,1,0
BRDA:70,11,0,0
BRDA:70,11,1,0
BRDA:71,12,0,0
BRDA:71,12,1,0
BRDA:79,13,0,0
BRDA:79,13,1,0
BRF:28
BRH:0
end_of_record
TN:
SF:routes\tecnicos.js
FN:8,(anonymous_0)
FN:42,(anonymous_1)
FNF:2
FNH:0
FNDA:0,(anonymous_0)
FNDA:0,(anonymous_1)
DA:1,3
DA:2,3
DA:3,3
DA:6,3
DA:8,3
DA:18,0
DA:20,0
DA:21,0
DA:32,0
DA:34,0
DA:36,0
DA:37,0
DA:42,3
DA:43,0
DA:45,0
DA:46,0
DA:50,0
DA:52,0
DA:53,0
DA:57,3
LF:20
LH:7
BRF:0
BRH:0
end_of_record
